# JRE version: OpenJDK Runtime Environment Corretto-17.0.15.6.1 (17.0.15+6) (build 17.0.15+6-LTS)
# Java VM: OpenJDK 64-Bit Server VM Corretto-17.0.15.6.1 (17.0.15+6-LTS, mixed mode, sharing, tiered, compressed oops, compressed class ptrs, g1 gc, linux-amd64)
GC Precious Log:
 CPUs: 12 total, 12 available
 Memory: 31861M
 Large Page Support: Disabled
 NUMA Support: Disabled
 Compressed Oops: Enabled (Zero based)
 Heap Region Size: 4M
 Heap Min Capacity: 8M
 Heap Initial Capacity: 500M
 Heap Max Capacity: 7968M
 Pre-touch: Disabled
 Parallel Workers: 10
 Concurrent Workers: 3
 Concurrent Refinement Workers: 10
 Periodic GC: Disabled
Heap:
 garbage-first heap   total 520192K, used 289395K [0x000000060e000000, 0x0000000800000000)
  region size 4096K, 70 young (286720K), 2 survivors (8192K)
 Metaspace       used 10918K, committed 11136K, reserved 1114112K
  class space    used 949K, committed 1024K, reserved 1048576K
GC Heap History (8 events):
Event: 1.453 GC heap before
{Heap before GC invocations=0 (full 0):
 garbage-first heap   total 520192K, used 28596K [0x000000060e000000, 0x0000000800000000)
  region size 4096K, 6 young (24576K), 0 survivors (0K)
 Metaspace       used 6892K, committed 7104K, reserved 1114112K
  class space    used 673K, committed 768K, reserved 1048576K
}
Event: 1.454 GC heap after
{Heap after GC invocations=1 (full 0):
 garbage-first heap   total 520192K, used 9131K [0x000000060e000000, 0x0000000800000000)
  region size 4096K, 1 young (4096K), 1 survivors (4096K)
 Metaspace       used 6892K, committed 7104K, reserved 1114112K
  class space    used 673K, committed 768K, reserved 1048576K
}
Event: 1.927 GC heap before
{Heap before GC invocations=1 (full 0):
 garbage-first heap   total 520192K, used 29611K [0x000000060e000000, 0x0000000800000000)
  region size 4096K, 6 young (24576K), 1 survivors (4096K)
 Metaspace       used 10291K, committed 10560K, reserved 1114112K
  class space    used 915K, committed 1024K, reserved 1048576K
}
Event: 1.930 GC heap after
{Heap after GC invocations=2 (full 0):
 garbage-first heap   total 520192K, used 13646K [0x000000060e000000, 0x0000000800000000)
  region size 4096K, 1 young (4096K), 1 survivors (4096K)
 Metaspace       used 10291K, committed 10560K, reserved 1114112K
  class space    used 915K, committed 1024K, reserved 1048576K
}
Event: 4.483 GC heap before
{Heap before GC invocations=2 (full 0):
 garbage-first heap   total 520192K, used 58702K [0x000000060e000000, 0x0000000800000000)
  region size 4096K, 13 young (53248K), 1 survivors (4096K)
 Metaspace       used 10823K, committed 11008K, reserved 1114112K
  class space    used 948K, committed 1024K, reserved 1048576K
}
Event: 4.484 GC heap after
{Heap after GC invocations=3 (full 0):
 garbage-first heap   total 520192K, used 15020K [0x000000060e000000, 0x0000000800000000)
  region size 4096K, 2 young (8192K), 2 survivors (8192K)
 Metaspace       used 10823K, committed 11008K, reserved 1114112K
  class space    used 948K, committed 1024K, reserved 1048576K
}
Event: 11.199 GC heap before
{Heap before GC invocations=3 (full 0):
 garbage-first heap   total 520192K, used 121516K [0x000000060e000000, 0x0000000800000000)
  region size 4096K, 28 young (114688K), 2 survivors (8192K)
 Metaspace       used 10884K, committed 11136K, reserved 1114112K
  class space    used 948K, committed 1024K, reserved 1048576K
}
Event: 11.200 GC heap after
{Heap after GC invocations=4 (full 0):
 garbage-first heap   total 520192K, used 14963K [0x000000060e000000, 0x0000000800000000)
  region size 4096K, 2 young (8192K), 2 survivors (8192K)
 Metaspace       used 10884K, committed 11136K, reserved 1114112K
  class space    used 948K, committed 1024K, reserved 1048576K
}

