# JRE version: Java(TM) SE Runtime Environment (21.0.5+9) (build 21.0.5+9-LTS-239)
# Java VM: Java HotSpot(TM) 64-Bit Server VM (21.0.5+9-LTS-239, mixed mode, tiered, compressed oops, compressed class ptrs, g1 gc, linux-amd64)
GC Precious Log:
 CardTable entry size: 512
 Card Set container configuration: InlinePtr #cards 4 size 8 Array Of Cards #cards 32 size 80 Howl #buckets 8 coarsen threshold 7372 Howl Bitmap #cards 1024 size 144 coarsen threshold 921 Card regions per heap region 1 cards per card region 8192
 CPUs: 8 total, 8 available
 Memory: 31521M
 Large Page Support: Disabled
 NUMA Support: Disabled
 Compressed Oops: Enabled (Zero based)
 Heap Region Size: 4M
 Heap Min Capacity: 8M
 Heap Initial Capacity: 496M
 Heap Max Capacity: 7884M
 Pre-touch: Disabled
 Parallel Workers: 8
 Concurrent Workers: 2
 Concurrent Refinement Workers: 8
 Periodic GC: Disabled
Heap:
 garbage-first heap   total 479232K, used 405795K [0x00000005d3400000, 0x00000007c0000000)
  region size 4096K, 72 young (294912K), 5 survivors (20480K)
 Metaspace       used 34277K, committed 34560K, reserved 1114112K
  class space    used 3552K, committed 3712K, reserved 1048576K
GC Heap History (20 events):
Event: 0.230 GC heap after
{Heap after GC invocations=1 (full 0):
 garbage-first heap   total 507904K, used 16768K [0x00000005d3400000, 0x00000007c0000000)
  region size 4096K, 1 young (4096K), 1 survivors (4096K)
 Metaspace       used 6948K, committed 7104K, reserved 1114112K
  class space    used 550K, committed 640K, reserved 1048576K
}
Event: 0.270 GC heap before
{Heap before GC invocations=1 (full 0):
 garbage-first heap   total 507904K, used 37248K [0x00000005d3400000, 0x00000007c0000000)
  region size 4096K, 6 young (24576K), 1 survivors (4096K)
 Metaspace       used 6952K, committed 7104K, reserved 1114112K
  class space    used 550K, committed 640K, reserved 1048576K
}
Event: 0.279 GC heap after
{Heap after GC invocations=2 (full 0):
 garbage-first heap   total 507904K, used 30576K [0x00000005d3400000, 0x00000007c0000000)
  region size 4096K, 1 young (4096K), 1 survivors (4096K)
 Metaspace       used 6952K, committed 7104K, reserved 1114112K
  class space    used 550K, committed 640K, reserved 1048576K
}
Event: 0.424 GC heap before
{Heap before GC invocations=2 (full 0):
 garbage-first heap   total 507904K, used 83824K [0x00000005d3400000, 0x00000007c0000000)
  region size 4096K, 9 young (36864K), 1 survivors (4096K)
 Metaspace       used 7133K, committed 7232K, reserved 1114112K
  class space    used 565K, committed 640K, reserved 1048576K
}
Event: 0.431 GC heap after
{Heap after GC invocations=3 (full 0):
 garbage-first heap   total 507904K, used 58152K [0x00000005d3400000, 0x00000007c0000000)
  region size 4096K, 2 young (8192K), 2 survivors (8192K)
 Metaspace       used 7133K, committed 7232K, reserved 1114112K
  class space    used 565K, committed 640K, reserved 1048576K
}
Event: 0.531 GC heap before
{Heap before GC invocations=3 (full 0):
 garbage-first heap   total 507904K, used 115496K [0x00000005d3400000, 0x00000007c0000000)
  region size 4096K, 11 young (45056K), 2 survivors (8192K)
 Metaspace       used 7183K, committed 7296K, reserved 1114112K
  class space    used 573K, committed 640K, reserved 1048576K
}
Event: 0.541 GC heap after
{Heap after GC invocations=4 (full 0):
 garbage-first heap   total 507904K, used 93348K [0x00000005d3400000, 0x00000007c0000000)
  region size 4096K, 2 young (8192K), 2 survivors (8192K)
 Metaspace       used 7183K, committed 7296K, reserved 1114112K
  class space    used 573K, committed 640K, reserved 1048576K
}
Event: 0.714 GC heap before
{Heap before GC invocations=4 (full 0):
 garbage-first heap   total 507904K, used 134308K [0x00000005d3400000, 0x00000007c0000000)
  region size 4096K, 13 young (53248K), 2 survivors (8192K)
 Metaspace       used 9423K, committed 9600K, reserved 1114112K
  class space    used 764K, committed 832K, reserved 1048576K
}
Event: 0.728 GC heap after
{Heap after GC invocations=5 (full 0):
 garbage-first heap   total 991232K, used 120171K [0x00000005d3400000, 0x00000007c0000000)
  region size 4096K, 2 young (8192K), 2 survivors (8192K)
 Metaspace       used 9423K, committed 9600K, reserved 1114112K
  class space    used 764K, committed 832K, reserved 1048576K
}
Event: 0.930 GC heap before
{Heap before GC invocations=5 (full 0):
 garbage-first heap   total 991232K, used 173419K [0x00000005d3400000, 0x00000007c0000000)
  region size 4096K, 12 young (49152K), 2 survivors (8192K)
 Metaspace       used 10435K, committed 10560K, reserved 1114112K
  class space    used 860K, committed 960K, reserved 1048576K
}
Event: 0.939 GC heap after
{Heap after GC invocations=6 (full 0):
 garbage-first heap   total 991232K, used 134575K [0x00000005d3400000, 0x00000007c0000000)
  region size 4096K, 2 young (8192K), 2 survivors (8192K)
 Metaspace       used 10435K, committed 10560K, reserved 1114112K
  class space    used 860K, committed 960K, reserved 1048576K
}
Event: 0.992 GC heap before
{Heap before GC invocations=6 (full 0):
 garbage-first heap   total 991232K, used 179631K [0x00000005d3400000, 0x00000007c0000000)
  region size 4096K, 13 young (53248K), 2 survivors (8192K)
 Metaspace       used 10442K, committed 10624K, reserved 1114112K
  class space    used 860K, committed 960K, reserved 1048576K
}
Event: 1.008 GC heap after
{Heap after GC invocations=7 (full 0):
 garbage-first heap   total 991232K, used 163173K [0x00000005d3400000, 0x00000007c0000000)
  region size 4096K, 2 young (8192K), 2 survivors (8192K)
 Metaspace       used 10442K, committed 10624K, reserved 1114112K
  class space    used 860K, committed 960K, reserved 1048576K
}
Event: 1.091 GC heap before
{Heap before GC invocations=7 (full 0):
 garbage-first heap   total 991232K, used 224613K [0x00000005d3400000, 0x00000007c0000000)
  region size 4096K, 12 young (49152K), 2 survivors (8192K)
 Metaspace       used 10442K, committed 10624K, reserved 1114112K
  class space    used 860K, committed 960K, reserved 1048576K
}
Event: 1.105 GC heap after
{Heap after GC invocations=8 (full 0):
 garbage-first heap   total 991232K, used 194146K [0x00000005d3400000, 0x00000007c0000000)
  region size 4096K, 2 young (8192K), 2 survivors (8192K)
 Metaspace       used 10442K, committed 10624K, reserved 1114112K
  class space    used 860K, committed 960K, reserved 1048576K
}
Event: 1.438 GC heap before
{Heap before GC invocations=8 (full 0):
 garbage-first heap   total 991232K, used 259682K [0x00000005d3400000, 0x00000007c0000000)
  region size 4096K, 17 young (69632K), 2 survivors (8192K)
 Metaspace       used 14319K, committed 14464K, reserved 1114112K
  class space    used 1254K, committed 1344K, reserved 1048576K
}
Event: 1.450 GC heap after
{Heap after GC invocations=9 (full 0):
 garbage-first heap   total 1982464K, used 202977K [0x00000005d3400000, 0x00000007c0000000)
  region size 4096K, 3 young (12288K), 3 survivors (12288K)
 Metaspace       used 14319K, committed 14464K, reserved 1114112K
  class space    used 1254K, committed 1344K, reserved 1048576K
}
Event: 2.215 GC heap before
{Heap before GC invocations=9 (full 0):
 garbage-first heap   total 1982464K, used 383201K [0x00000005d3400000, 0x00000007c0000000)
  region size 4096K, 40 young (163840K), 3 survivors (12288K)
 Metaspace       used 21341K, committed 21504K, reserved 1114112K
  class space    used 2064K, committed 2112K, reserved 1048576K
}
Event: 2.222 GC heap after
{Heap after GC invocations=10 (full 0):
 garbage-first heap   total 1982464K, used 200995K [0x00000005d3400000, 0x00000007c0000000)
  region size 4096K, 3 young (12288K), 3 survivors (12288K)
 Metaspace       used 21341K, committed 21504K, reserved 1114112K
  class space    used 2064K, committed 2112K, reserved 1048576K
}
Event: 5.865 GC heap before
{Heap before GC invocations=11 (full 0):
 garbage-first heap   total 479232K, used 401699K [0x00000005d3400000, 0x00000007c0000000)
  region size 4096K, 70 young (286720K), 3 survivors (12288K)
 Metaspace       used 34277K, committed 34560K, reserved 1114112K
  class space    used 3552K, committed 3712K, reserved 1048576K
}

